Unity Editor version:    2020.3.27f1 (e759542391ea)
Branch:                  2020.3/release
Build type:              Release
Batch mode:              YES
macOS version:           Version 11.6 (Build 20G165)
Darwin version:          20.6.0
Architecture:            x86_64
Running under Rosetta:   NO
Available memory:        16384 MB
Using pre-set license
Pro License: NO

COMMAND LINE ARGUMENTS:
/Applications/2020.3.27f1/Unity.app/Contents/MacOS/Unity
-adb2
-batchMode
-noUpm
-name
AssetImportWorker0
-projectPath
/Users/teacher/My project (1)
-logFile
Logs/AssetImportWorker0.log
-srvPort
49432
Successfully changed project path to: /Users/teacher/My project (1)
/Users/teacher/My project (1)
Using Asset Import Pipeline V2.
Refreshing native plugins compatible for Editor in 22.60 ms, found 2 plugins.
Preloading 0 native plugins for Editor in 0.00 ms.
Initialize engine version: 2020.3.27f1 (e759542391ea)
[Subsystems] Discovering subsystems at path /Applications/2020.3.27f1/Unity.app/Contents/Resources/UnitySubsystems
[Subsystems] Discovering subsystems at path /Users/teacher/My project (1)/Assets
GfxDevice: creating device client; threaded=0
2024-04-04 09:13:10.061 Unity[1510:36038] iMac preferred device: AMD Radeon Pro 5500 XT (high power)
2024-04-04 09:13:10.061 Unity[1510:36038] Metal devices available: 1
2024-04-04 09:13:10.061 Unity[1510:36038] 0: AMD Radeon Pro 5500 XT (high power)
2024-04-04 09:13:10.061 Unity[1510:36038] Using device AMD Radeon Pro 5500 XT (high power)
Initializing Metal device caps: AMD Radeon Pro 5500 XT
Initialize mono
Mono path[0] = '/Applications/2020.3.27f1/Unity.app/Contents/Managed'
Mono path[1] = '/Applications/2020.3.27f1/Unity.app/Contents/MonoBleedingEdge/lib/mono/unityjit'
Mono config path = '/Applications/2020.3.27f1/Unity.app/Contents/MonoBleedingEdge/etc'
Using monoOptions --debugger-agent=transport=dt_socket,embedding=1,server=y,suspend=n,address=127.0.0.1:56510
Begin MonoManager ReloadAssembly
Registering precompiled unity dll's ...
Register platform support module: /Applications/2020.3.27f1/Unity.app/Contents/PlaybackEngines/MacStandaloneSupport/UnityEditor.OSXStandalone.Extensions.dll
Registered in 0.000432 seconds.
Native extension for OSXStandalone target not found
Refreshing native plugins compatible for Editor in 22.96 ms, found 2 plugins.
Preloading 0 native plugins for Editor in 0.00 ms.
Mono: successfully reloaded assembly
- Completed reload, in  0.508 seconds
Domain Reload Profiling:
	ReloadAssembly (509ms)
		BeginReloadAssembly (38ms)
			ExecutionOrderSort (0ms)
			DisableScriptedObjects (0ms)
			BackupInstance (0ms)
			ReleaseScriptingObjects (0ms)
			CreateAndSetChildDomain (1ms)
		EndReloadAssembly (407ms)
			LoadAssemblies (37ms)
			RebuildTransferFunctionScriptingTraits (0ms)
			SetupTypeCache (154ms)
			ReleaseScriptCaches (0ms)
			RebuildScriptCaches (32ms)
			SetupLoadedEditorAssemblies (149ms)
				LogAssemblyErrors (0ms)
				InitializePlatformSupportModulesInManaged (4ms)
				SetLoadedEditorAssemblies (0ms)
				RefreshPlugins (23ms)
				BeforeProcessingInitializeOnLoad (7ms)
				ProcessInitializeOnLoadAttributes (90ms)
				ProcessInitializeOnLoadMethodAttributes (26ms)
				AfterProcessingInitializeOnLoad (0ms)
				EditorAssembliesLoaded (0ms)
			ExecutionOrderSort2 (0ms)
			AwakeInstancesAfterBackupRestoration (0ms)
Platform modules already initialized, skipping
Registering precompiled user dll's ...
Registered in 0.003440 seconds.
Begin MonoManager ReloadAssembly
Native extension for OSXStandalone target not found
Refreshing native plugins compatible for Editor in 0.26 ms, found 2 plugins.
Preloading 0 native plugins for Editor in 0.00 ms.
Mono: successfully reloaded assembly
- Completed reload, in  0.898 seconds
Domain Reload Profiling:
	ReloadAssembly (898ms)
		BeginReloadAssembly (129ms)
			ExecutionOrderSort (0ms)
			DisableScriptedObjects (4ms)
			BackupInstance (0ms)
			ReleaseScriptingObjects (0ms)
			CreateAndSetChildDomain (24ms)
		EndReloadAssembly (716ms)
			LoadAssemblies (77ms)
			RebuildTransferFunctionScriptingTraits (0ms)
			SetupTypeCache (269ms)
			ReleaseScriptCaches (0ms)
			RebuildScriptCaches (41ms)
			SetupLoadedEditorAssemblies (237ms)
				LogAssemblyErrors (0ms)
				InitializePlatformSupportModulesInManaged (3ms)
				SetLoadedEditorAssemblies (0ms)
				RefreshPlugins (0ms)
				BeforeProcessingInitializeOnLoad (38ms)
				ProcessInitializeOnLoadAttributes (185ms)
				ProcessInitializeOnLoadMethodAttributes (8ms)
				AfterProcessingInitializeOnLoad (1ms)
				EditorAssembliesLoaded (0ms)
			ExecutionOrderSort2 (0ms)
			AwakeInstancesAfterBackupRestoration (6ms)
Platform modules already initialized, skipping
Validating Project structure ... 0.000160 seconds.
Shader import version has changed; will reimport all shaders...
Upgrading shader files ...0.000219 seconds.
Application.AssetDatabase Initial Script Refresh Start
RefreshInfo: InitialScriptRefreshV2(NoUpdateAssetOptions) scanfilter:  ... 1 filters
RefreshProfiler: Total: 0.000ms
Application.AssetDatabase Initial Script Refresh End
Application.AssetDatabase.Refresh Start
Application.AssetDatabase.Refresh End
RefreshInfo: StopAssetImportingV2(ForceSynchronousImport) scanfilter: 
RefreshProfiler: Total: 0.000ms
Launching external process: /Applications/2020.3.27f1/Unity.app/Contents/Tools/UnityShaderCompiler
Launched and connected shader compiler UnityShaderCompiler after 0.01 seconds
Initializing Unity extensions:
========================================================================
Worker process is ready to serve import requests
Refreshing native plugins compatible for Editor in 0.16 ms, found 2 plugins.
Preloading 0 native plugins for Editor in 0.00 ms.
Unloading 1504 Unused Serialized files (Serialized files now loaded: 0)
System memory in use before: 176.0 MB.
System memory in use after: 175.2 MB.

Unloading 80 unused Assets to reduce memory usage. Loaded Objects now: 1975.
Total: 2.400330 ms (FindLiveObjects: 0.097591 ms CreateObjectMapping: 0.034731 ms MarkObjects: 1.905472 ms  DeleteObjects: 0.361984 ms)

AssetImportParameters requested are different than current active one (requested -> active):
  custom:video-decoder-ogg-theora: a1e56fd34408186e4bbccfd4996cb3dc -> 
  custom:container-muxer-webm: aa71ff27fc2769a1b78a27578f13a17b -> 
  custom:container-demuxer-webm: 4f35f7cbe854078d1ac9338744f61a02 -> 
  custom:container-demuxer-ogg: 62fdf1f143b41e24485cea50d1cbac27 -> 
  custom:video-encoder-webm-vp8: eb34c28f22e8b96e1ab97ce403110664 -> 
  custom:framework-osx-AVFoundation: e770b220cccbd017edd2c1fefb359320 -> 
  custom:video-decoder-webm-vp8: 9c59270c3fd7afecdb556c50c9e8de78 -> 
  custom:audio-decoder-ogg-vorbis: bf7c407c2cedff20999df2af8eb42d56 -> 
  custom:audio-encoder-webm-vorbis: bf7c407c2cedff20999df2af8eb42d56 -> 
========================================================================
Received Import Request.
  path: Assets/Red_Bird.png
  artifactKey: Guid(b80a542cd2e52459387e106dcc659bc2) Importer(815301076,1909f56bfc062723c751e8b465ee728b)
Start importing Assets/Red_Bird.png using Guid(b80a542cd2e52459387e106dcc659bc2) Importer(815301076,1909f56bfc062723c751e8b465ee728b)  -> (artifact id: '9867b2a7e3edc29eabc3a71ed9b52878') in 0.786107 seconds 
  Import took 0.791085 seconds .

========================================================================
Received Import Request.
  Time since last request: 8.615537 seconds.
  path: Assets/Red_Bird.png
  artifactKey: Guid(b80a542cd2e52459387e106dcc659bc2) Importer(815301076,1909f56bfc062723c751e8b465ee728b)
Start importing Assets/Red_Bird.png using Guid(b80a542cd2e52459387e106dcc659bc2) Importer(815301076,1909f56bfc062723c751e8b465ee728b)  -> (artifact id: '417d490f99419450f2702ad3ae43e778') in 0.012636 seconds 
  Import took 0.015034 seconds .

========================================================================
Received Prepare
Registering precompiled user dll's ...
Registered in 0.003128 seconds.
Begin MonoManager ReloadAssembly
Native extension for OSXStandalone target not found
Refreshing native plugins compatible for Editor in 0.28 ms, found 2 plugins.
Preloading 0 native plugins for Editor in 0.00 ms.
Mono: successfully reloaded assembly
- Completed reload, in  0.868 seconds
Domain Reload Profiling:
	ReloadAssembly (868ms)
		BeginReloadAssembly (98ms)
			ExecutionOrderSort (0ms)
			DisableScriptedObjects (4ms)
			BackupInstance (0ms)
			ReleaseScriptingObjects (0ms)
			CreateAndSetChildDomain (47ms)
		EndReloadAssembly (715ms)
			LoadAssemblies (59ms)
			RebuildTransferFunctionScriptingTraits (0ms)
			SetupTypeCache (265ms)
			ReleaseScriptCaches (1ms)
			RebuildScriptCaches (38ms)
			SetupLoadedEditorAssemblies (255ms)
				LogAssemblyErrors (0ms)
				InitializePlatformSupportModulesInManaged (3ms)
				SetLoadedEditorAssemblies (0ms)
				RefreshPlugins (0ms)
				BeforeProcessingInitializeOnLoad (72ms)
				ProcessInitializeOnLoadAttributes (171ms)
				ProcessInitializeOnLoadMethodAttributes (7ms)
				AfterProcessingInitializeOnLoad (1ms)
				EditorAssembliesLoaded (0ms)
			ExecutionOrderSort2 (0ms)
			AwakeInstancesAfterBackupRestoration (6ms)
Platform modules already initialized, skipping
Refreshing native plugins compatible for Editor in 0.27 ms, found 2 plugins.
Preloading 0 native plugins for Editor in 0.00 ms.
Unloading 1531 Unused Serialized files (Serialized files now loaded: 0)
System memory in use before: 183.1 MB.
System memory in use after: 183.2 MB.

Unloading 15 unused Assets to reduce memory usage. Loaded Objects now: 2017.
Total: 2.065176 ms (FindLiveObjects: 0.099917 ms CreateObjectMapping: 0.039530 ms MarkObjects: 1.914179 ms  DeleteObjects: 0.011079 ms)

AssetImportParameters requested are different than current active one (requested -> active):
  custom:video-decoder-ogg-theora: a1e56fd34408186e4bbccfd4996cb3dc -> 
  custom:container-muxer-webm: aa71ff27fc2769a1b78a27578f13a17b -> 
  custom:container-demuxer-webm: 4f35f7cbe854078d1ac9338744f61a02 -> 
  custom:container-demuxer-ogg: 62fdf1f143b41e24485cea50d1cbac27 -> 
  custom:video-encoder-webm-vp8: eb34c28f22e8b96e1ab97ce403110664 -> 
  custom:framework-osx-AVFoundation: e770b220cccbd017edd2c1fefb359320 -> 
  custom:video-decoder-webm-vp8: 9c59270c3fd7afecdb556c50c9e8de78 -> 
  custom:audio-decoder-ogg-vorbis: bf7c407c2cedff20999df2af8eb42d56 -> 
  custom:audio-encoder-webm-vorbis: bf7c407c2cedff20999df2af8eb42d56 -> 
========================================================================
Received Import Request.
  Time since last request: 39.279329 seconds.
  path: Assets/Red_Bird.png
  artifactKey: Guid(b80a542cd2e52459387e106dcc659bc2) Importer(815301076,1909f56bfc062723c751e8b465ee728b)
Start importing Assets/Red_Bird.png using Guid(b80a542cd2e52459387e106dcc659bc2) Importer(815301076,1909f56bfc062723c751e8b465ee728b)  -> (artifact id: '5637450750680a8cc71195c74f154157') in 0.047456 seconds 
  Import took 0.050127 seconds .

========================================================================
Received Import Request.
  Time since last request: 79.319698 seconds.
  path: Assets/\animations
  artifactKey: Guid(7f1369a4235494e03a99793c7a553ce4) Importer(815301076,1909f56bfc062723c751e8b465ee728b)
Start importing Assets/\animations using Guid(7f1369a4235494e03a99793c7a553ce4) Importer(815301076,1909f56bfc062723c751e8b465ee728b)  -> (artifact id: '5ceeea3d10de4433f0c3dc08b2f08a8b') in 0.001535 seconds 
  Import took 0.003829 seconds .

========================================================================
Received Import Request.
  Time since last request: 44.774685 seconds.
  path: Assets/Red_Bird.png
  artifactKey: Guid(b80a542cd2e52459387e106dcc659bc2) Importer(815301076,1909f56bfc062723c751e8b465ee728b)
Start importing Assets/Red_Bird.png using Guid(b80a542cd2e52459387e106dcc659bc2) Importer(815301076,1909f56bfc062723c751e8b465ee728b)  -> (artifact id: 'd776cc03cb2bf220eb560ad9db6a07d0') in 0.014114 seconds 
  Import took 0.016514 seconds .

========================================================================
Received Import Request.
  Time since last request: 4.595520 seconds.
  path: Assets/Red_Bird.png
  artifactKey: Guid(b80a542cd2e52459387e106dcc659bc2) Importer(815301076,1909f56bfc062723c751e8b465ee728b)
Start importing Assets/Red_Bird.png using Guid(b80a542cd2e52459387e106dcc659bc2) Importer(815301076,1909f56bfc062723c751e8b465ee728b)  -> (artifact id: '6598f792bd548cb5baf069354ef339d1') in 0.013706 seconds 
  Import took 0.015742 seconds .

AssetImportWorkerClient::OnTransportError - code=2 error=End of file
